2020-09-21 01:58:05,920 - root(32189) - INFO - Request finished successfully with response code: 200 OK
2020-09-21 01:58:05,920 - root(32189) - INFO - [
    {
        "_ref": "member/b25lLnZpcnR1YWxfbm9kZSQw:master.ha.infoblox.com", 
        "additional_ip_list": [
            {
                "anycast": true, 
                "enable_bgp": false, 
                "enable_ospf": true, 
                "interface": "LOOPBACK", 
                "ipv4_network_setting": {
                    "address": "1.3.3.3", 
                    "dscp": 0, 
                    "primary": false, 
                    "subnet_mask": "255.255.255.255", 
                    "use_dscp": false
                }
            }
        ]
    }
]
2020-09-21 01:58:07,830 - root(32189) - INFO - Request finished successfully with response code: 200 OK
2020-09-21 01:58:07,830 - root(32189) - INFO - "member/b25lLnZpcnR1YWxfbm9kZSQw:master.ha.infoblox.com"
